<?xml version="1.0" encoding="UTF-8"?>
<!-- Generated by org.testng.reporters.JUnitReportReporter -->
<testsuite hostname="cb-dinesh.local" name="com.gogo.interview.tests.SearchResultsTest" tests="1" failures="0" timestamp="16 Aug 2019 03:10:30 GMT" time="9.389" errors="0">
  <testcase name="verifyPublishDateOfBook" time="9.389" classname="com.gogo.interview.tests.SearchResultsTest"/>
</testsuite> <!-- com.gogo.interview.tests.SearchResultsTest -->
